<?xml version="1.0" encoding="UTF-8"?>
<coverage generated="1666084143548" clover="3.2.0">
  <project timestamp="1666084143549" name="All files">
    <metrics statements="12" coveredstatements="12" conditionals="1" coveredconditionals="1" methods="3" coveredmethods="3" elements="16" coveredelements="16" complexity="0" loc="12" ncloc="12" packages="2" files="3" classes="3"/>
    <package name="aef91661b0ecc431568a-master">
      <metrics statements="1" coveredstatements="1" conditionals="0" coveredconditionals="0" methods="1" coveredmethods="1"/>
      <file name="App.tsx" path="/Users/Rishikesh/Desktop/aef91661b0ecc431568a-master/App.tsx">
        <metrics statements="1" coveredstatements="1" conditionals="0" coveredconditionals="0" methods="1" coveredmethods="1"/>
        <line num="7" count="1" type="stmt"/>
      </file>
    </package>
    <package name="aef91661b0ecc431568a-master.src">
      <metrics statements="11" coveredstatements="11" conditionals="1" coveredconditionals="1" methods="2" coveredmethods="2"/>
      <file name="CButton.tsx" path="/Users/Rishikesh/Desktop/aef91661b0ecc431568a-master/src/CButton.tsx">
        <metrics statements="2" coveredstatements="2" conditionals="0" coveredconditionals="0" methods="1" coveredmethods="1"/>
        <line num="5" count="3" type="stmt"/>
        <line num="6" count="3" type="stmt"/>
      </file>
      <file name="Home.tsx" path="/Users/Rishikesh/Desktop/aef91661b0ecc431568a-master/src/Home.tsx">
        <metrics statements="9" coveredstatements="9" conditionals="1" coveredconditionals="1" methods="1" coveredmethods="1"/>
        <line num="15" count="2" type="stmt"/>
        <line num="16" count="2" type="stmt"/>
        <line num="17" count="2" type="stmt"/>
        <line num="18" count="2" type="stmt"/>
        <line num="19" count="2" type="stmt"/>
        <line num="20" count="2" type="stmt"/>
        <line num="21" count="2" type="stmt"/>
        <line num="22" count="2" type="stmt"/>
        <line num="204" count="2" type="stmt"/>
      </file>
    </package>
  </project>
</coverage>
