{"/Users/Rishikesh/Desktop/aef91661b0ecc431568a-master/App.tsx": {"path":"/Users/Rishikesh/Desktop/aef91661b0ecc431568a-master/App.tsx","statementMap":{"0":{"start":{"line":7,"column":2},"end":{"line":9,"column":4}}},"fnMap":{"0":{"name":"App","decl":{"start":{"line":6,"column":24},"end":{"line":6,"column":27}},"loc":{"start":{"line":6,"column":30},"end":{"line":10,"column":1}},"line":6}},"branchMap":{},"s":{"0":1},"f":{"0":1},"b":{},"_coverageSchema":"1a1c01bbd47fc00a2c39e90264f33305004495a9","hash":"edeaf4a365fa9643adda40b193879a10e6d892b3"}
,"/Users/Rishikesh/Desktop/aef91661b0ecc431568a-master/src/CButton.tsx": {"path":"/Users/Rishikesh/Desktop/aef91661b0ecc431568a-master/src/CButton.tsx","statementMap":{"0":{"start":{"line":5,"column":16},"end":{"line":17,"column":1}},"1":{"start":{"line":6,"column":2},"end":{"line":16,"column":4}}},"fnMap":{"0":{"name":"(anonymous_0)","decl":{"start":{"line":5,"column":16},"end":{"line":5,"column":17}},"loc":{"start":{"line":5,"column":32},"end":{"line":17,"column":1}},"line":5}},"branchMap":{},"s":{"0":3,"1":3},"f":{"0":3},"b":{},"_coverageSchema":"1a1c01bbd47fc00a2c39e90264f33305004495a9","hash":"99e5dfa7b9dd410a058c66df17fdabd995c48223"}
,"/Users/Rishikesh/Desktop/aef91661b0ecc431568a-master/src/Home.tsx": {"path":"/Users/Rishikesh/Desktop/aef91661b0ecc431568a-master/src/Home.tsx","statementMap":{"0":{"start":{"line":15,"column":13},"end":{"line":263,"column":1}},"1":{"start":{"line":16,"column":30},"end":{"line":16,"column":47}},"2":{"start":{"line":17,"column":34},"end":{"line":17,"column":51}},"3":{"start":{"line":18,"column":40},"end":{"line":18,"column":57}},"4":{"start":{"line":19,"column":36},"end":{"line":19,"column":51}},"5":{"start":{"line":20,"column":48},"end":{"line":20,"column":62}},"6":{"start":{"line":21,"column":36},"end":{"line":21,"column":47}},"7":{"start":{"line":22,"column":38},"end":{"line":22,"column":57}},"8":{"start":{"line":204,"column":2},"end":{"line":262,"column":4}}},"fnMap":{"0":{"name":"(anonymous_0)","decl":{"start":{"line":15,"column":13},"end":{"line":15,"column":14}},"loc":{"start":{"line":15,"column":19},"end":{"line":263,"column":1}},"line":15}},"branchMap":{"0":{"loc":{"start":{"line":226,"column":7},"end":{"line":249,"column":7}},"type":"binary-expr","locations":[{"start":{"line":226,"column":7},"end":{"line":226,"column":23}}],"line":226}},"s":{"0":2,"1":2,"2":2,"3":2,"4":2,"5":2,"6":2,"7":2,"8":2},"f":{"0":2},"b":{"0":[2]},"_coverageSchema":"1a1c01bbd47fc00a2c39e90264f33305004495a9","hash":"53b145cc7022d3fdf5410c9f39286dce4b389f00"}
}
